app/build/intermediates/manifest_merge_blame_file/debug/manifest-merger-blame-debug-report.txt
1<?xml version="1.0" encoding="utf-8"?>
2<manifest xmlns:android="http://schemas.android.com/apk/res/android"
3    package="com.lawrence.drunopharmaceuticals"
4    android:versionCode="1"
5    android:versionName="1.0" >
6
7    <uses-sdk
8        android:minSdkVersion="23"
8-->src\main\AndroidManifest.xml
9        android:targetSdkVersion="29" />
9-->src\main\AndroidManifest.xml
10
11    <application
11-->src\main\AndroidManifest.xml:5:5-35:19
12        android:allowBackup="true"
12-->src\main\AndroidManifest.xml:6:13-39
13        android:appComponentFactory="androidx.core.app.CoreComponentFactory"
13-->[androidx.core:core:1.3.1] AndroidManifest.xml:24:18-86
14        android:debuggable="true"
15        android:extractNativeLibs="false"
16        android:icon="@mipmap/ic_launcher"
16-->src\main\AndroidManifest.xml:7:13-47
17        android:label="@string/app_name"
17-->src\main\AndroidManifest.xml:8:13-45
18        android:roundIcon="@mipmap/ic_launcher_round"
18-->src\main\AndroidManifest.xml:9:13-58
19        android:supportsRtl="true"
19-->src\main\AndroidManifest.xml:10:13-39
20        android:theme="@style/AppTheme" >
20-->src\main\AndroidManifest.xml:11:13-44
21        <activity android:name="com.lawrence.drunopharmaceuticals.SupplierMenu" >
21-->src\main\AndroidManifest.xml:12:9-13:20
21-->src\main\AndroidManifest.xml:12:19-47
22        </activity>
23        <activity android:name="com.lawrence.drunopharmaceuticals.AppointmentMenu" >
23-->src\main\AndroidManifest.xml:14:9-15:20
23-->src\main\AndroidManifest.xml:14:19-50
24        </activity>
25        <activity android:name="com.lawrence.drunopharmaceuticals.OrderMenu" >
25-->src\main\AndroidManifest.xml:16:9-17:20
25-->src\main\AndroidManifest.xml:16:19-44
26        </activity>
27        <activity android:name="com.lawrence.drunopharmaceuticals.PrescriptionMenu" >
27-->src\main\AndroidManifest.xml:18:9-19:20
27-->src\main\AndroidManifest.xml:18:19-51
28        </activity>
29        <activity android:name="com.lawrence.drunopharmaceuticals.Dashboard" >
29-->src\main\AndroidManifest.xml:20:9-21:20
29-->src\main\AndroidManifest.xml:20:19-44
30        </activity>
31        <activity android:name="com.lawrence.drunopharmaceuticals.LoginActivity" >
31-->src\main\AndroidManifest.xml:22:9-23:20
31-->src\main\AndroidManifest.xml:22:19-48
32        </activity>
33        <activity
33-->src\main\AndroidManifest.xml:24:9-27:20
34            android:name="com.lawrence.drunopharmaceuticals.RegisterActivity"
34-->src\main\AndroidManifest.xml:25:17-49
35            android:windowSoftInputMode="adjustPan" >
35-->src\main\AndroidManifest.xml:26:17-56
36        </activity>
37        <activity android:name="com.lawrence.drunopharmaceuticals.MainActivity" >
37-->src\main\AndroidManifest.xml:28:9-34:20
37-->src\main\AndroidManifest.xml:28:19-47
38            <intent-filter>
38-->src\main\AndroidManifest.xml:29:13-33:29
39                <action android:name="android.intent.action.MAIN" />
39-->src\main\AndroidManifest.xml:30:17-68
39-->src\main\AndroidManifest.xml:30:25-66
40
41                <category android:name="android.intent.category.LAUNCHER" />
41-->src\main\AndroidManifest.xml:32:17-76
41-->src\main\AndroidManifest.xml:32:27-74
42            </intent-filter>
43        </activity>
44    </application>
45
46</manifest>